"../../../Engine/Content/Functions/Engine_MaterialFunctions01/Opacity/CameraDepthFade.uasset" 0
"../../../Engine/Content/EngineMaterials/T_Default_Material_Grid_M.uasset" 1
"../../../Engine/Content/EngineMaterials/T_Default_Material_Grid_N.uasset" 2
"../../../Engine/Content/EngineMaterials/DefaultMaterial.uasset" 3
"../../../Engine/Content/BasicShapes/Cone.uasset" 4
"../../../Engine/Content/EngineMaterials/WorldGridMaterial.uasset" 5
"../../../Engine/Content/BasicShapes/Cube.uasset" 6
"../../../Engine/Content/BasicShapes/Cylinder.uasset" 7
"../../../Engine/Content/BasicShapes/Sphere.uasset" 8
"../../../Engine/Content/EditorLandscapeResources/DataLayer.uasset" 9
"../../../Engine/Content/EditorMaterials/GizmoMaterial.uasset" 10
"../../../Engine/Content/EditorMaterials/MAT_Groups_Toggle.uasset" 11
"../../../Engine/Content/EditorMaterials/MAT_Groups_Visibility.uasset" 12
"../../../Engine/Content/EditorMaterials/PreviewShadowIndicator.uasset" 13
"../../../Engine/Content/EditorMaterials/PreviewShadowIndicatorMaterial.uasset" 14
"../../../Engine/Content/EditorMaterials/AssetViewer/EpicQuadPanorama_CC+EV1.uasset" 15
"../../../Engine/Content/EditorMaterials/MatineeGroups/MAT_ColorTrack.uasset" 16
"../../../Engine/Content/EditorMaterials/MatineeGroups/MAT_Groups_Anim.uasset" 17
"../../../Engine/Content/EditorMaterials/MatineeGroups/MAT_Groups_AudioMaster.uasset" 18
"../../../Engine/Content/EditorMaterials/MatineeGroups/MAT_Groups_Director.uasset" 19
"../../../Engine/Content/EditorMaterials/MatineeGroups/MAT_Groups_Event.uasset" 20
"../../../Engine/Content/EditorMaterials/MatineeGroups/MAT_Groups_Fade.uasset" 21
"../../../Engine/Content/EditorMaterials/MatineeGroups/MAT_Groups_Float.uasset" 22
"../../../Engine/Content/EditorMaterials/MatineeGroups/MAT_Groups_Move.uasset" 23
"../../../Engine/Content/EditorMaterials/MatineeGroups/MAT_Groups_Slomo.uasset" 24
"../../../Engine/Content/EditorMaterials/MatineeGroups/MAT_Groups_Sound.uasset" 25
"../../../Engine/Content/EditorMaterials/MatineeGroups/MAT_Groups_Vector.uasset" 26
"../../../Engine/Content/EditorMaterials/ParticleSystems/PSysThumbnail_NoImage.uasset" 27
"../../../Engine/Content/EditorMaterials/ParticleSystems/PSysThumbnail_OOD.uasset" 28
"../../../Engine/Content/EditorMaterials/Camera/CineMat.uasset" 29
"../../../Engine/Content/EditorMaterials/Camera/MI_CineMat_Rig.uasset" 30
"../../../Engine/Content/EditorMeshes/Camera/SM_CraneRig_Arm.uasset" 31
"../../../Engine/Content/EditorMeshes/Camera/SM_CraneRig_Base.uasset" 32
"../../../Engine/Content/EditorMeshes/Camera/SM_CraneRig_Body.uasset" 33
"../../../Engine/Content/EditorMeshes/Camera/SM_CraneRig_Mount.uasset" 34
"../../../Engine/Content/EditorMeshes/Camera/SM_RailRig_Mount.uasset" 35
"../../../Engine/Content/EditorMeshes/Camera/SM_RailRig_Track.uasset" 36
"../../../Engine/Content/EditorResources/BSPVertex.uasset" 37
"../../../Engine/Content/EditorResources/EmptyActor.uasset" 38
"../../../Engine/Content/EditorResources/RGBTable16x1_AssetViewer.uasset" 39
"../../../Engine/Content/EditorResources/S_Actor.uasset" 40
"../../../Engine/Content/EditorResources/S_Trigger.uasset" 41
"../../../Engine/Content/EditorResources/AudioIcons/S_AudioComponent.uasset" 42
"../../../Engine/Content/EditorResources/AudioIcons/S_AudioComponent_AutoActivate.uasset" 43
"../../../Engine/Content/EditorResources/LightIcons/S_LightError.uasset" 44
"../../../Engine/Content/EditorResources/SequenceRecorder/Countdown.uasset" 45
"../../../Engine/Content/EditorResources/SequenceRecorder/RecordingIndicator.uasset" 46
"../../../Engine/Content/EditorSounds/Notifications/CompileFailed.uasset" 47
"../../../Engine/Content/EditorSounds/Notifications/CompileFailed_Cue.uasset" 48
"../../../Engine/Content/EditorSounds/Notifications/CompileSuccess.uasset" 49
"../../../Engine/Content/EditorSounds/Notifications/CompileStart_Cue.uasset" 50
"../../../Engine/Content/EditorSounds/Notifications/CompileSuccess_Cue.uasset" 51
"../../../Engine/Content/EngineDamageTypes/DmgTypeBP_Environmental.uasset" 52
"../../../Engine/Content/EngineDebugMaterials/HeatmapGradient.uasset" 53
"../../../Engine/Content/EngineDebugMaterials/BoneWeightMaterial.uasset" 54
"../../../Engine/Content/EngineDebugMaterials/DebugMeshMaterial.uasset" 55
"../../../Engine/Content/EngineDebugMaterials/GeomMaterial.uasset" 56
"../../../Engine/Content/EngineFonts/Roboto.uasset" 57
"../../../Engine/Content/EngineFonts/RobotoTiny.uasset" 58
"../../../Engine/Content/EngineMaterials/DefaultBokeh.uasset" 59
"../../../Engine/Content/EngineMaterials/DefaultDiffuse.uasset" 60
"../../../Engine/Content/EngineMaterials/DefaultDeferredDecalMaterial.uasset" 61
"../../../Engine/Content/EngineMaterials/DefaultLightFunctionMaterial.uasset" 62
"../../../Engine/Content/EngineMaterials/DefaultPhysicalMaterial.uasset" 63
"../../../Engine/Content/Functions/Engine_MaterialFunctions02/Utility/BreakOutFloat2Components.uasset" 64
"../../../Engine/Content/EngineMaterials/DefaultPostProcessMaterial.uasset" 65
"../../../Engine/Content/EngineFonts/RobotoDistanceField.uasset" 66
"../../../Engine/Content/EngineMaterials/DefaultTextMaterialOpaque.uasset" 67
"../../../Engine/Content/EngineMaterials/DefaultWhiteGrid.uasset" 68
"../../../Engine/Content/EngineMaterials/EditorBrushMaterial.uasset" 69
"../../../Engine/Content/EngineMaterials/MiniFont.uasset" 70
"../../../Engine/Content/EngineMaterials/InvalidLightmapSettings.uasset" 71
"../../../Engine/Content/EngineMaterials/M_InvalidLightmapSettings.uasset" 72
"../../../Engine/Content/EngineMaterials/PhAT_JointLimitMaterial.uasset" 73
"../../../Engine/Content/EngineMaterials/PreintegratedSkinBRDF.uasset" 74
"../../../Engine/Content/EngineMaterials/RemoveSurfaceMaterial.uasset" 75
"../../../Engine/Content/EngineMaterials/WeightMapPlaceholderTexture.uasset" 76
"../../../Engine/Content/EngineResources/WhiteSquareTexture.uasset" 77
"../../../Engine/Content/EngineMaterials/Widget3DPassThrough.uasset" 78
"../../../Engine/Content/EngineMaterials/Widget3DPassThrough_Masked.uasset" 79
"../../../Engine/Content/EngineMaterials/Widget3DPassThrough_Opaque.uasset" 80
"../../../Engine/Content/EngineMaterials/Widget3DPassThrough_Masked_OneSided.uasset" 81
"../../../Engine/Content/EngineMaterials/Widget3DPassThrough_Opaque_OneSided.uasset" 82
"../../../Engine/Content/EngineMaterials/Widget3DPassThrough_Translucent.uasset" 83
"../../../Engine/Content/EngineMaterials/Widget3DPassThrough_Translucent_OneSided.uasset" 84
"../../../Engine/Content/EngineMeshes/Cube.uasset" 85
"../../../Engine/Content/EngineMeshes/Cylinder.uasset" 86
"../../../Engine/Content/EngineMeshes/Sphere.uasset" 87
"../../../Engine/Content/EngineResources/AICON-Green.uasset" 88
"../../../Engine/Content/EngineResources/AICON-Red.uasset" 89
"../../../Engine/Content/EngineResources/Black.uasset" 90
"../../../Engine/Content/EngineResources/DefaultTexture.uasset" 91
"../../../Engine/Content/EngineResources/DefaultTextureCube.uasset" 92
"../../../Engine/Content/EngineResources/GradientTexture0.uasset" 93
"../../../Engine/Content/EngineSounds/Master.uasset" 94
"../../../Engine/Content/EngineSounds/MasterSubmix.uasset" 95
"../../../Engine/Content/EngineTireTypes/DefaultTireType.uasset" 96
"../../../Engine/Content/Functions/Engine_MaterialFunctions01/Shading/ConvertFromDiffSpec.uasset" 97
"../../../Engine/Content/Functions/Engine_MaterialFunctions01/Shading/PowerToRoughness.uasset" 98
"../../../Engine/Content/Maps/Templates/Thumbnails/Default.uasset" 99
"../../../Engine/Content/Maps/Templates/Thumbnails/VR-Basic.uasset" 100
"../../../Engine/Content/MobileResources/T_MobileControls_texture.uasset" 101
"../../../Engine/Content/MobileResources/T_MobileMenu2.uasset" 102
"../../../Engine/Content/MobileResources/HUD/AnalogHat.uasset" 103
"../../../Engine/Content/MobileResources/HUD/VirtualJoystick_Background.uasset" 104
"../../../Engine/Content/MobileResources/HUD/VirtualJoystick_Thumb.uasset" 105
"../../../Engine/Content/MobileResources/HUD/DefaultVirtualJoysticks.uasset" 106
"../../../Engine/Content/MobileResources/HUD/LeftVirtualJoystickOnly.uasset" 107
"../../../Engine/Content/MobileResources/HUD/MobileHUDButton1_off.uasset" 108
"../../../Engine/Content/MobileResources/HUD/MobileHUDButton1_on.uasset" 109
"../../../Engine/Content/MobileResources/HUD/MobileHUDButton2_off.uasset" 110
"../../../Engine/Content/MobileResources/HUD/MobileHUDButton2_on.uasset" 111
"../../../Engine/Content/MobileResources/HUD/MobileHUDButton3.uasset" 112
"../../../Engine/Content/MobileResources/HUD/MobileHUDButtonFire.uasset" 113
"../../../Engine/Content/MobileResources/HUD/MobileHUDDirectionPad.uasset" 114
"../../../Engine/Content/MobileResources/HUD/MobileHUDDirectionPad2.uasset" 115
"../../../Engine/Content/MobileResources/HUD/MobileHUDDirectionPad3.uasset" 116
"../../../Engine/Content/MobileResources/HUD/MobileHUDDirectionStick.uasset" 117
"../../../Engine/Content/MobileResources/HUD/T_Castle_ThumbstickInner.uasset" 118
"../../../Engine/Content/MobileResources/HUD/T_Castle_ThumbstickOutter.uasset" 119
"../../../Engine/Content/Tutorial/ContentIntroCurve.uasset" 120
"../../../Engine/Content/Tutorial/Basics/TutorialAssets/icon_tab_Levels_40x.uasset" 121
"../../../Engine/Content/Tutorial/BlueprintTutorials/TutorialAssets/BlueprintInterface_64x.uasset" 122
"../../../Engine/Content/Tutorial/BlueprintTutorials/TutorialAssets/BlueprintMacroLibrary_64x.uasset" 123
"../../../Engine/Content/Tutorial/BlueprintTutorials/TutorialAssets/Blueprint_64x.uasset" 124
"../../../Engine/Content/Tutorial/BlueprintTutorials/TutorialAssets/Tutorial_BP_Interface.uasset" 125
"../../../Engine/Content/Tutorial/Foliage/TutorialAssets/Foliage.uasset" 126
"../../../Engine/Content/Tutorial/Landscape/TutorialAssets/Landscape.uasset" 127
"../../../Engine/Content/Tutorial/Paper2D/TutorialAssets/Paper2DFlipbook_TutorialIcon.uasset" 128
"../../../Engine/Content/Tutorial/Paper2D/TutorialAssets/Paper2DSprite_TutorialIcon.uasset" 129
"../../../Engine/Content/Tutorial/SubEditors/TutorialAssets/icon_Editor_Preferences_General_40x.uasset" 130
"../../../Engine/Content/Tutorial/SubEditors/TutorialAssets/icon_ShowSkeletalMeshes_40x.uasset" 131
"../../../Engine/Content/Tutorial/SubEditors/TutorialAssets/TutorialMaterial.uasset" 132
"../../../Engine/Content/Tutorial/SubEditors/TutorialAssets/T_SmokeSubUV_8X8.uasset" 133
"../../../Engine/Content/Tutorial/SubEditors/TutorialAssets/T_soft_smoke.uasset" 134
"../../../Engine/Content/Tutorial/SubEditors/TutorialAssets/M_smoke_subUV_blackbody.uasset" 135
"../../../Engine/Content/Tutorial/SubEditors/TutorialAssets/TutorialParticleSystem.uasset" 136
"../../../Engine/Content/EditorMeshes/EditorCube.uasset" 137
"../../../Engine/Content/Tutorial/SubEditors/TutorialAssets/Tutorial_DM.uasset" 138
"../../../Engine/Content/VREditor/Devices/Generic/GenericHMDMaterial.uasset" 139
"../../../Engine/Content/VREditor/Devices/Generic/GenericHMD.uasset" 140
"../../../Engine/Content/VREditor/FloatingText/LineMaterial.uasset" 141
"../../../Engine/Content/VREditor/FloatingText/JointSphere.uasset" 142
"../../../Engine/Content/VREditor/FloatingText/LineSegmentCylinder.uasset" 143
"../../../Engine/Content/VREditor/Fonts/VRText_RobotoLarge.uasset" 144
"../../../Engine/Content/VREditor/Fonts/VRTextMaterial.uasset" 145
"../../../Engine/Content/VREditor/Fonts/TranslucentVRTextMaterial.uasset" 146
"../../../Engine/Content/VREditor/LaserPointer/VR_LaserPower_01.uasset" 147
"../../../Engine/Content/VREditor/LaserPointer/LaserPointerMaterial.uasset" 148
"../../../Engine/Content/VREditor/LaserPointer/LaserPointerMaterialInst.uasset" 149
"../../../Engine/Content/VREditor/LaserPointer/TranslucentLaserPointerMaterialInst.uasset" 150
"../../../Engine/Content/VREditor/LaserPointer/LaserPointerMesh.uasset" 151
"../../../Engine/Content/VREditor/Sounds/VR_grab_Cue.uasset" 152
"../../../Engine/Content/VREditor/Sounds/VR_teleport_Cue.uasset" 153
"../../../Engine/Content/VREditor/TransformGizmo/TransformGizmoMaterial.uasset" 154
"../../../Engine/Content/VREditor/TransformGizmo/TranslucentTransformGizmoMaterial.uasset" 155
"../../../Engine/Content/VREditor/TransformGizmo/BoundingBoxCorner.uasset" 156
"../../../Engine/Content/VREditor/TransformGizmo/BoundingBoxEdge.uasset" 157
"../../../Engine/Content/VREditor/TransformGizmo/PlaneTranslationHandle.uasset" 158
"../../../Engine/Content/VREditor/TransformGizmo/RotationHandle.uasset" 159
"../../../Engine/Content/VREditor/TransformGizmo/RotationHandleFull.uasset" 160
"../../../Engine/Content/VREditor/TransformGizmo/StretchingHandle.uasset" 161
"../../../Engine/Content/VREditor/TransformGizmo/TranslateHandleLong.uasset" 162
"../../../Engine/Content/VREditor/TransformGizmo/TranslationHandle.uasset" 163
"../../../Engine/Content/VREditor/TransformGizmo/UniformScaleHandle.uasset" 164
"../../../Engine/Content/VREditor/UI/CloseButtonMesh.uasset" 165
"../../../Engine/Content/VREditor/UI/SelectionBarMesh.uasset" 166
"../../../Engine/Content/Functions/Engine_MaterialFunctions01/Gradient/RadialGradient.uasset" 167
"../../../Engine/Content/VREditor/WorldMovementGrid/SimpleGrid.uasset" 168
"../../../Engine/Content/VREditor/WorldMovementGrid/GridMaterial.uasset" 169
"../../../Engine/Content/Functions/Engine_MaterialFunctions01/Density/ExponentialDensity.uasset" 170
"../../../Engine/Content/VREditor/WorldMovementGrid/GridPostProcess.uasset" 171
"../../../Engine/Content/EditorLandscapeResources/FlattenHeightMat.uasset" 172
"../../../Engine/Content/VREditor/WorldMovementGrid/PlaneMesh.uasset" 173
"../../../Engine/Content/Functions/Engine_MaterialFunctions02/Utility/VectorToRadialValue.uasset" 174
"../../../Resurrection/Content/Materials/Textures/Magic_Circle_T.uasset" 175
"../../../Resurrection/Content/Materials/Textures/Ring_Gradient_T_Mat.uasset" 176
"../../../Resurrection/Content/Materials/Textures/Ring_Gradient_T_Mat_Inst.uasset" 177
"../../../Resurrection/Content/Blueprint/Decal_Magic_BP.uasset" 178
"../../../Resurrection/Content/StarterContent/Textures/T_Wood_Oak_D.uasset" 179
"../../../Resurrection/Content/StarterContent/Textures/T_Wood_Oak_N.uasset" 180
"../../../Resurrection/Content/Materials/Wood_M.uasset" 181
"../../../Resurrection/Content/StarterContent/Textures/T_Wood_Walnut_D.uasset" 182
"../../../Resurrection/Content/StarterContent/Textures/T_Wood_Walnut_N.uasset" 183
"../../../Resurrection/Content/Materials/Wood_M_Inst2.uasset" 184
"../../../Resurrection/Content/Meshes/Door.uasset" 185
"../../../Resurrection/Content/Blueprint/Door_M.uasset" 186
"../../../Engine/Content/ArtTools/RenderToTexture/Textures/127grey.uasset" 187
"../../../Resurrection/Content/Character/NewHUD.uasset" 188
"../../../Resurrection/Content/Geometry/Meshes/CubeMaterial.uasset" 189
"../../../Resurrection/Content/Geometry/Meshes/1M_Cube_Chamfer.uasset" 190
"../../../Resurrection/Content/Mannequin/Character/Mesh/UE4_Mannequin_Skeleton.uasset" 191
"../../../Resurrection/Content/Mannequin/Animations/ThirdPersonJump_End.uasset" 192
"../../../Resurrection/Content/Materials/Magic_Circle_T.uasset" 193
"../../../Resurrection/Content/Materials/Ring_Gradient_T.uasset" 194
"../../../Resurrection/Content/Materials/Test2.uasset" 195
"../../../Resurrection/Content/Materials/Post_Process/cel_shading_lookup_texture.uasset" 196
"../../../Resurrection/Content/Materials/Post_Process/Anime_CelShading.uasset" 197
"../../../Resurrection/Content/Materials/Post_Process/unreal-engine-cel-shading-37.uasset" 198
"../../../Resurrection/Content/Materials/Post_Process/Anime_CelShading_Inst.uasset" 199
"../../../Resurrection/Content/Materials/Post_Process/CelShading_M.uasset" 200
"../../../Resurrection/Content/Materials/Post_Process/CelShading_M_Inst.uasset" 201
"../../../Resurrection/Content/Materials/Post_Process/unreal-engine-cel-shading-36.uasset" 202
"../../../Resurrection/Content/Materials/Post_Process/Cel_Shading_M_2.uasset" 203
"../../../Resurrection/Content/Materials/Post_Process/Cel_Shading_M_2_Inst.uasset" 204
"../../../Engine/Content/Functions/Engine_MaterialFunctions02/Utility/MakeFloat4.uasset" 205
"../../../Resurrection/Content/Materials/Post_Process/Outline_Post_Process.uasset" 206
"../../../Resurrection/Content/Materials/Post_Process/Outline_Post_Process_Inst.uasset" 207
"../../../Resurrection/Content/Materials/Textures/Ring_Gradient_T.uasset" 208
"../../../Resurrection/Content/Materials/Textures/Snow_N_T.uasset" 209
"../../../Resurrection/Content/StarterContent/Textures/T_Perlin_Noise_M.uasset" 210
"../../../Resurrection/Content/Materials/MetaL_M.uasset" 211
"../../../Resurrection/Content/Materials/MetaL_M_Inst.uasset" 212
"../../../Resurrection/Content/Materials/Test.uasset" 213
"../../../Resurrection/Content/Materials/Test_Inst.uasset" 214
"../../../Resurrection/Content/Materials/Test_Inst2.uasset" 215
"../../../Resurrection/Content/Meshes/Bee_Sword.uasset" 216
"../../../Resurrection/Content/Meshes/Double_Blade.uasset" 217
"../../../Resurrection/Content/Meshes/Double_Blade_handle_Tex.uasset" 218
"../../../Resurrection/Content/Meshes/Double_Blade_Tex.uasset" 219
"../../../Resurrection/Content/Meshes/Sword_Blade_Tex.uasset" 220
"../../../Resurrection/Content/Meshes/Sword_D_Tex.uasset" 221
"../../../Resurrection/Content/Meshes/Sword_Handle_Tex.uasset" 222
"../../../Resurrection/Content/Materials/Wood_M_Inst.uasset" 223
"../../../Resurrection/Content/Meshes/Barrel/BarrelLid.uasset" 224
"../../../Resurrection/Content/Meshes/Barrel/BarrelOne.uasset" 225
"../../../Resurrection/Content/Meshes/Barrel/BarrelOneOpen.uasset" 226
"../../../Resurrection/Content/Meshes/Barrel/BarrelTwo.uasset" 227
"../../../Resurrection/Content/Meshes/Barrel/BarrelTwoOpen.uasset" 228
"../../../Resurrection/Content/Meshes/Barrel/ChestOne_ChestBase.uasset" 229
"../../../Resurrection/Content/Meshes/Barrel/ChestOne_ChestLid.uasset" 230
"../../../Resurrection/Content/Meshes/Barrel/ChestThree_ChestBase_002.uasset" 231
"../../../Resurrection/Content/Meshes/Barrel/ChestThree_ChestLid_002.uasset" 232
"../../../Resurrection/Content/Meshes/Barrel/ChestTwo_ChestBase_001.uasset" 233
"../../../Resurrection/Content/Meshes/Barrel/ChestTwo_ChestLid_001.uasset" 234
"../../../Resurrection/Content/Meshes/Barrel/Keg_Barrel_Keg.uasset" 235
"../../../Resurrection/Content/Meshes/Barrel/Keg_Cork.uasset" 236
"../../../Resurrection/Content/Meshes/Barrel/Keg_KegStand.uasset" 237
"../../../Engine/Content/EngineMaterials/Good64x64TilingNoiseHighFreq.uasset" 238
"../../../Resurrection/Content/StarterContent/Textures/T_Concrete_Panels_D.uasset" 239
"../../../Resurrection/Content/StarterContent/Textures/T_Concrete_Panels_N.uasset" 240
"../../../Resurrection/Content/StarterContent/Textures/T_Ground_Grass_D.uasset" 241
"../../../Resurrection/Content/Materials/Concrete2_M.uasset" 242
"../../../Resurrection/Content/Materials/Concrete2_M_Inst.uasset" 243
"../../../Resurrection/Content/Meshes/Traps/Floor_trap_2_Floor_2.uasset" 244
"../../../Resurrection/Content/StarterContent/Materials/M_Basic_Wall.uasset" 245
"../../../Resurrection/Content/StarterContent/Architecture/Pillar_50x500.uasset" 246
"../../../Resurrection/Content/StarterContent/Architecture/Wall_400x300.uasset" 247
"../../../Resurrection/Content/StarterContent/Architecture/Wall_400x400.uasset" 248
"../../../Resurrection/Content/StarterContent/Architecture/Wall_500x500.uasset" 249
"../../../Resurrection/Content/StarterContent/Architecture/Wall_Door_400x400.uasset" 250
"../../../Resurrection/Content/StarterContent/Architecture/Wall_Window_400x400.uasset" 251
"../../../Resurrection/Content/StarterContent/Audio/Light01_Cue.uasset" 252
"../../../Resurrection/Content/StarterContent/Audio/Light02_Cue.uasset" 253
"../../../Resurrection/Content/StarterContent/Audio/Explosion_Cue.uasset" 254
"../../../Resurrection/Content/StarterContent/Textures/T_Burst_M.uasset" 255
"../../../Resurrection/Content/StarterContent/Particles/Materials/M_Burst.uasset" 256
"../../../Resurrection/Content/StarterContent/Textures/T_Explosion_SubUV.uasset" 257
"../../../Resurrection/Content/StarterContent/Particles/Materials/M_explosion_subUV.uasset" 258
"../../../Resurrection/Content/StarterContent/Particles/Materials/m_flare_01.uasset" 259
"../../../Resurrection/Content/StarterContent/Particles/Materials/M_radial_ramp.uasset" 260
"../../../Resurrection/Content/StarterContent/Textures/T_Smoke_SubUV.uasset" 261
"../../../Resurrection/Content/StarterContent/Textures/T_Smoke_Tiled_D.uasset" 262
"../../../Resurrection/Content/StarterContent/Particles/Materials/M_smoke_subUV.uasset" 263
"../../../Resurrection/Content/StarterContent/Particles/P_Explosion.uasset" 264
"../../../Resurrection/Content/StarterContent/Blueprints/Blueprint_Effect_Explosion.uasset" 265
"../../../Engine/Content/EditorMeshes/ColorCalibrator/T_ColorGrid.uasset" 266
"../../../Resurrection/Content/StarterContent/Materials/M_ColorGrid_LowSpec.uasset" 267
"../../../Resurrection/Content/StarterContent/Textures/T_Bush_D.uasset" 268
"../../../Resurrection/Content/StarterContent/Textures/T_Bush_N.uasset" 269
"../../../Resurrection/Content/StarterContent/Props/Materials/M_Bush.uasset" 270
"../../../Resurrection/Content/StarterContent/Props/SM_Bush.uasset" 271
"../../../Resurrection/Content/StarterContent/Textures/T_Chair_M.uasset" 272
"../../../Resurrection/Content/StarterContent/Textures/T_Chair_N.uasset" 273
"../../../Resurrection/Content/StarterContent/Props/Materials/M_Chair.uasset" 274
"../../../Resurrection/Content/StarterContent/Props/SM_Couch.uasset" 275
"../../../Resurrection/Content/StarterContent/Materials/M_Glass.uasset" 276
"../../../Resurrection/Content/StarterContent/Textures/T_Door_M.uasset" 277
"../../../Resurrection/Content/StarterContent/Textures/T_Door_N.uasset" 278
"../../../Resurrection/Content/StarterContent/Props/Materials/M_Door.uasset" 279
"../../../Resurrection/Content/StarterContent/Props/SM_Door.uasset" 280
"../../../Resurrection/Content/StarterContent/Props/Materials/M_MaterialSphere.uasset" 281
"../../../Resurrection/Content/StarterContent/Props/Materials/M_MaterialSphere_Plain.uasset" 282
"../../../Resurrection/Content/StarterContent/Props/SM_MatPreviewMesh_02.uasset" 283
"../../../Engine/Content/Functions/Engine_MaterialFunctions02/Utility/BlendAngleCorrectedNormals.uasset" 284
"../../../Resurrection/Content/StarterContent/Textures/T_Detail_Rocky_N.uasset" 285
"../../../Resurrection/Content/StarterContent/Textures/T_Rock_Basalt_D.uasset" 286
"../../../Resurrection/Content/StarterContent/Textures/T_RockMesh_M.uasset" 287
"../../../Resurrection/Content/StarterContent/Textures/T_RockMesh_N.uasset" 288
"../../../Resurrection/Content/StarterContent/Props/Materials/M_Rock.uasset" 289
"../../../Resurrection/Content/StarterContent/Props/SM_Rock.uasset" 290
"../../../Resurrection/Content/StarterContent/Textures/T_Shelf_M.uasset" 291
"../../../Resurrection/Content/StarterContent/Textures/T_Shelf_N.uasset" 292
"../../../Resurrection/Content/StarterContent/Props/Materials/M_Shelf.uasset" 293
"../../../Resurrection/Content/StarterContent/Props/SM_Shelf.uasset" 294
"../../../Resurrection/Content/StarterContent/Materials/M_Basic_Floor.uasset" 295
"../../../Resurrection/Content/StarterContent/Props/SM_Stairs.uasset" 296
"../../../Resurrection/Content/StarterContent/Shapes/Shape_Cone.uasset" 297
"../../../Resurrection/Content/StarterContent/Shapes/Shape_Cylinder.uasset" 298
"../../../Resurrection/Content/StarterContent/Shapes/Shape_NarrowCapsule.uasset" 299
"../../../Resurrection/Content/StarterContent/Shapes/Shape_Pipe.uasset" 300
"../../../Resurrection/Content/StarterContent/Shapes/Shape_Pipe_180.uasset" 301
"../../../Resurrection/Content/StarterContent/Shapes/Shape_Pipe_90.uasset" 302
"../../../Resurrection/Content/StarterContent/Shapes/Shape_Plane.uasset" 303
"../../../Resurrection/Content/StarterContent/Shapes/Shape_Torus.uasset" 304
"../../../Resurrection/Content/StarterContent/Shapes/Shape_Trim.uasset" 305
"../../../Resurrection/Content/StarterContent/Shapes/Shape_Trim_90_In.uasset" 306
"../../../Resurrection/Content/StarterContent/Shapes/Shape_Trim_90_Out.uasset" 307
"../../../Resurrection/Content/StarterContent/Shapes/Shape_TriPyramid.uasset" 308
"../../../Resurrection/Content/StarterContent/Shapes/Shape_Tube.uasset" 309
"../../../Resurrection/Content/StarterContent/Shapes/Shape_Wedge_A.uasset" 310
"../../../Resurrection/Content/StarterContent/Shapes/Shape_Wedge_B.uasset" 311
"../../../Resurrection/Content/StarterContent/Shapes/Shape_WideCapsule.uasset" 312
"../../../Resurrection/Content/Mannequin/Animations/ThirdPerson_Jump.uasset" 313
"../../../Resurrection/Content/Mannequin/Animations/ThirdPersonJump_Loop.uasset" 314
"../../../Resurrection/Content/Mannequin/Animations/ThirdPersonJump_Start.uasset" 315
"../../../Resurrection/Content/Mannequin/Animations/ThirdPersonIdle.uasset" 316
"../../../Resurrection/Content/Mannequin/Animations/ThirdPersonRun.uasset" 317
"../../../Resurrection/Content/Mannequin/Animations/ThirdPersonWalk.uasset" 318
"../../../Resurrection/Content/Mannequin/Animations/ThirdPerson_IdleRun_2D.uasset" 319
"../../../Engine/Content/EditorBlueprintResources/StandardMacros.uasset" 320
"../../../Resurrection/Content/Mannequin/Animations/ThirdPerson_AnimBP.uasset" 321
"../../../Engine/Content/Functions/MaterialLayerFunctions/MatLayerBlend_NormalBlend.uasset" 322
"../../../Engine/Content/Functions/MaterialLayerFunctions/MatLayerBlend_Simple.uasset" 323
"../../../Resurrection/Content/Mannequin/Character/Materials/MaterialLayers/T_ML_Rubber_Blue_01_D.uasset" 324
"../../../Resurrection/Content/Mannequin/Character/Materials/MaterialLayers/T_ML_Rubber_Blue_01_N.uasset" 325
"../../../Resurrection/Content/Mannequin/Character/Materials/MaterialLayers/ML_GlossyBlack_Latex_UE4.uasset" 326
"../../../Resurrection/Content/Mannequin/Character/Materials/MaterialLayers/ML_Plastic_Shiny_Beige.uasset" 327
"../../../Resurrection/Content/Mannequin/Character/Textures/UE4_LOGO_CARD.uasset" 328
"../../../Resurrection/Content/Mannequin/Character/Materials/MaterialLayers/ML_Plastic_Shiny_Beige_LOGO.uasset" 329
"../../../Resurrection/Content/Mannequin/Character/Materials/MaterialLayers/T_ML_Aluminum01.uasset" 330
"../../../Resurrection/Content/Mannequin/Character/Materials/MaterialLayers/T_ML_Aluminum01_N.uasset" 331
"../../../Resurrection/Content/Mannequin/Character/Materials/MaterialLayers/ML_SoftMetal_UE4.uasset" 332
"../../../Resurrection/Content/Mannequin/Character/Textures/UE4_Mannequin__normals.uasset" 333
"../../../Resurrection/Content/Mannequin/Character/Textures/UE4_Mannequin_MAT_MASKA.uasset" 334
"../../../Resurrection/Content/Mannequin/Character/Materials/M_UE4Man_Body.uasset" 335
"../../../Resurrection/Content/Mannequin/Character/Textures/UE4Man_Logo_N.uasset" 336
"../../../Resurrection/Content/Mannequin/Character/Materials/M_UE4Man_ChestLogo.uasset" 337
"../../../Resurrection/Content/Mannequin/Character/Mesh/SK_Mannequin_PhysicsAsset.uasset" 338
"../../../Resurrection/Content/Mannequin/Character/Mesh/SK_Mannequin.uasset" 339
"../../../Resurrection/Content/ThirdPersonBP/Blueprints/ThirdPersonCharacter.uasset" 340
"../../../Resurrection/Content/ThirdPersonBP/Blueprints/ThirdPersonGameMode.uasset" 341
"../../../Engine/Plugins/2D/Paper2D/Content/DummySprite.uasset" 342
"../../../Engine/Plugins/2D/Paper2D/Content/DefaultPaperTerrainMaterial.uasset" 343
"../../../Engine/Plugins/2D/Paper2D/Content/DefaultSpriteMaterial.uasset" 344
"../../../Engine/Plugins/2D/Paper2D/Content/MaskedUnlitSpriteMaterial.uasset" 345
"../../../Engine/Plugins/2D/Paper2D/Content/OpaqueUnlitSpriteMaterial.uasset" 346
"../../../Engine/Plugins/2D/Paper2D/Content/PlaceholderTextures/DummySpriteTexture.uasset" 347
"../../../Engine/Content/EngineSky/C_Sky_Cloud_Color.uasset" 348
"../../../Engine/Content/EngineSky/C_Sky_Horizon_Color.uasset" 349
"../../../Engine/Content/EngineSky/C_Sky_Zenith_Color.uasset" 350
"../../../Engine/Content/EngineSky/T_Sky_Blue.uasset" 351
"../../../Engine/Content/EngineSky/T_Sky_Clouds_M.uasset" 352
"../../../Engine/Content/EngineSky/T_Sky_Stars.uasset" 353
"../../../Engine/Content/EngineSky/M_Sky_Panning_Clouds2.uasset" 354
"../../../Engine/Content/EngineSky/SM_SkySphere.uasset" 355
"../../../Engine/Content/EngineSky/BP_Sky_Sphere.uasset" 356
"../../../Resurrection/Content/Materials/Particles/P_Explosion2.uasset" 357
"../../../Resurrection/Content/UI/Character_UI_W.uasset" 358
"../../../Resurrection/Content/UI/Pause_Menu_W.uasset" 359
"../../../Resurrection/Content/Character/Main_Character.uasset" 360
"../../../Resurrection/Content/Levels/Level1_Level_BuiltData.uasset" 361
"../../../Resurrection/Content/StarterContent/Textures/T_Ground_Grass_N.uasset" 362
"../../../Resurrection/Content/StarterContent/Textures/T_MacroVariation.uasset" 363
"../../../Resurrection/Content/StarterContent/Materials/M_Ground_Grass.uasset" 364
"../../../Engine/Content/Functions/Engine_MaterialFunctions01/AlphaBlend/WorldAlignedBlend.uasset" 365
"../../../Engine/Content/Functions/Engine_MaterialFunctions03/Procedurals/NormalFromHeightmap.uasset" 366
"../../../Resurrection/Content/StarterContent/Textures/T_Concrete_Grime_D.uasset" 367
"../../../Resurrection/Content/Materials/Concrete_M.uasset" 368
"../../../Resurrection/Content/Materials/Concrete_M_Inst.uasset" 369
"../../../Resurrection/Content/Materials/Post_Process/Toon_PostProcess.uasset" 370
"../../../Resurrection/Content/Materials/Post_Process/Toon_PostProcess_Inst.uasset" 371
"../../../Resurrection/Content/Meshes/Brick_Wall.uasset" 372
"../../../Engine/Content/Functions/Engine_MaterialFunctions02/ExampleContent/Textures/LowResBlurredNoise.uasset" 373
"../../../Resurrection/Content/Materials/Pillar_M.uasset" 374
"../../../Resurrection/Content/Materials/Pillar_M_Inst.uasset" 375
"../../../Resurrection/Content/Meshes/Pillars/Broken_Pilla_1.uasset" 376
"../../../Resurrection/Content/Meshes/Pillars/Broken_Pilla_2.uasset" 377
"../../../Resurrection/Content/Meshes/Pillars/Pillar_Full.uasset" 378
"../../../Resurrection/Content/StarterContent/Architecture/Floor_400x400.uasset" 379
"../../../Resurrection/Content/ThirdPerson/Meshes/RampMaterial.uasset" 380
"../../../Resurrection/Content/ThirdPerson/Meshes/Linear_Stair_StaticMesh.uasset" 381
"../../../Resurrection/Content/Levels/Level1_Level.umap" 382
"../../../Resurrection/Content/Materials/Wood_M2.uasset" 383
"../../../Resurrection/Content/Materials/Wood_M2_Inst.uasset" 384
"../../../Resurrection/Content/Meshes/Barrel/CrateLid_Crate_003.uasset" 385
"../../../Resurrection/Content/Meshes/Barrel/CrateOpen_Crate_002.uasset" 386
"../../../Resurrection/Content/Blueprint/Blue_Cube_BP.uasset" 387
"../../../Resurrection/Content/Blueprint/Dash_On_ditecter_BP.uasset" 388
"../../../Resurrection/Content/Blueprint/Door_BP.uasset" 389
"../../../Resurrection/Content/Blueprint/Prtal_BP.uasset" 390
"../../../Resurrection/Content/Meshes/Traps/Floor_trap_3_Blade10.uasset" 391
"../../../Resurrection/Content/Meshes/Traps/Floor_trap_3_Floor3.uasset" 392
"../../../Resurrection/Content/Blueprint/Traps/Trap_3_BP.uasset" 393
"../../../Resurrection/Content/Character/NewGamemode.uasset" 394
"../../../Resurrection/Content/Levels/Tutorial_World_BuiltData.uasset" 395
"../../../Resurrection/Content/StarterContent/Textures/T_Water_N.uasset" 396
"../../../Resurrection/Content/Materials/Water_M.uasset" 397
"../../../Resurrection/Content/Materials/Water_M_Inst.uasset" 398
"../../../Resurrection/Content/Geometry/Meshes/1M_Cube.uasset" 399
"../../../Resurrection/Content/Meshes/Pillars/Broken_Cube.uasset" 400
"../../../Resurrection/Content/Meshes/water.uasset" 401
"../../../Resurrection/Content/Levels/Tutorial_World.umap" 402
"../../../Resurrection/Content/Character/IntPawn.uasset" 403
"../../../Resurrection/Content/Character/NewPlayerState.uasset" 404
"../../../Resurrection/Content/Character/MenuGameDo.uasset" 405
"../../../Resurrection/Content/Materials/Textures/Image_M.uasset" 406
"../../../Resurrection/Content/Materials/Textures/IMG_20180226_135520.uasset" 407
"../../../Resurrection/Content/Materials/Textures/Image_M_Inst.uasset" 408
"../../../Resurrection/Content/Materials/Textures/riunno.uasset" 409
"../../../Resurrection/Content/Materials/Textures/Image_M_Inst2.uasset" 410
"../../../Resurrection/Content/Materials/Textures/Untitled334.uasset" 411
"../../../Resurrection/Content/Materials/Textures/Image_M_Inst3.uasset" 412
"../../../Resurrection/Content/Materials/Textures/rui_2_sketch_.uasset" 413
"../../../Resurrection/Content/Materials/Textures/Image_M_Inst4.uasset" 414
"../../../Resurrection/Content/UI/Menu_W.uasset" 415
"../../../Resurrection/Content/Levels/Menu/Menu_World.umap" 416
"../../../Resurrection/Content/StarterContent/Blueprints/Assets/FogBrightnessLUT.uasset" 417
"../../../Resurrection/Content/StarterContent/Blueprints/Assets/SunlightColorLUT.uasset" 418
"../../../Resurrection/Content/StarterContent/Blueprints/Assets/M_LightStage_Arrows.uasset" 419
"../../../Engine/Content/MapTemplates/Sky/DaylightAmbientCubemap.uasset" 420
"../../../Resurrection/Content/StarterContent/Blueprints/Assets/M_LightStage_Skybox_Master.uasset" 421
"../../../Resurrection/Content/StarterContent/Blueprints/Assets/M_LightStage_Skybox_Black.uasset" 422
"../../../Resurrection/Content/StarterContent/Blueprints/Assets/M_LightStage_Skybox_HDRI.uasset" 423
"../../../Engine/Content/EditorMaterials/Thumbnails/SkySphereMaterial.uasset" 424
"../../../Resurrection/Content/StarterContent/Blueprints/Assets/Skybox.uasset" 425
"../../../Resurrection/Content/StarterContent/Blueprints/Assets/SM_Arrows.uasset" 426
"../../../Resurrection/Content/StarterContent/HDRI/HDRI_Epic_Courtyard_Daylight.uasset" 427
"../../../Resurrection/Content/StarterContent/Blueprints/BP_LightStudio.uasset" 428
"../../../Resurrection/Content/StarterContent/Materials/M_AssetPlatform.uasset" 429
"../../../Engine/Content/EditorMeshes/ColorCalibrator/M_ChromeBall.uasset" 430
"../../../Engine/Content/EditorMeshes/ColorCalibrator/M_ClearCoat.uasset" 431
"../../../Engine/Content/EditorMeshes/ColorCalibrator/M_ClearCoatBlack.uasset" 432
"../../../Engine/Content/EditorMeshes/ColorCalibrator/M_ColorGrid.uasset" 433
"../../../Engine/Content/EditorMeshes/ColorCalibrator/M_GreyBall.uasset" 434
"../../../Engine/Content/EditorMeshes/ColorCalibrator/SM_ColorCalibrator.uasset" 435
"../../../Resurrection/Content/StarterContent/Architecture/SM_AssetPlatform.uasset" 436
"../../../Resurrection/Content/StarterContent/Maps/Advanced_Lighting.umap" 437
"../../../Resurrection/Content/StarterContent/Materials/M_Metal_Brushed_Nickel.uasset" 438
"../../../Resurrection/Content/StarterContent/Textures/T_Metal_Aluminum_D.uasset" 439
"../../../Resurrection/Content/StarterContent/Textures/T_Metal_Gold_N.uasset" 440
"../../../Resurrection/Content/StarterContent/Materials/M_Metal_Burnished_Steel.uasset" 441
"../../../Resurrection/Content/StarterContent/Textures/T_Metal_Copper_D.uasset" 442
"../../../Resurrection/Content/StarterContent/Materials/M_Metal_Copper.uasset" 443
"../../../Resurrection/Content/StarterContent/Textures/T_Statue_M.uasset" 444
"../../../Resurrection/Content/StarterContent/Textures/T_Statue_N.uasset" 445
"../../../Resurrection/Content/StarterContent/Props/Materials/M_StatueGlass.uasset" 446
"../../../Resurrection/Content/StarterContent/Audio/Starter_Background_Cue.uasset" 447
"../../../Resurrection/Content/StarterContent/Props/SM_Chair.uasset" 448
"../../../Resurrection/Content/StarterContent/Props/Materials/M_Statue.uasset" 449
"../../../Resurrection/Content/StarterContent/Props/SM_Statue.uasset" 450
"../../../Resurrection/Content/StarterContent/Textures/T_TableRound_M.uasset" 451
"../../../Resurrection/Content/StarterContent/Textures/T_TableRound_N.uasset" 452
"../../../Resurrection/Content/StarterContent/Props/Materials/M_TableRound.uasset" 453
"../../../Resurrection/Content/StarterContent/Props/SM_TableRound.uasset" 454
"../../../Resurrection/Content/StarterContent/Maps/Minimal_Default.umap" 455
"../../../Resurrection/Content/StarterContent/Audio/Fire01_Cue.uasset" 456
"../../../Resurrection/Content/StarterContent/Textures/T_Fire_SubUV.uasset" 457
"../../../Resurrection/Content/StarterContent/Textures/T_Fire_Tiled_D.uasset" 458
"../../../Resurrection/Content/StarterContent/Particles/Materials/M_Fire_SubUV.uasset" 459
"../../../Resurrection/Content/StarterContent/Particles/Materials/M_Heat_Distortion.uasset" 460
"../../../Resurrection/Content/StarterContent/Particles/Materials/M_Radial_Gradient.uasset" 461
"../../../Resurrection/Content/StarterContent/Particles/P_Fire.uasset" 462
"../../../Resurrection/Content/StarterContent/Blueprints/Blueprint_Effect_Fire.uasset" 463
"../../../Resurrection/Content/StarterContent/Audio/Smoke01_Cue.uasset" 464
"../../../Resurrection/Content/StarterContent/Particles/P_Smoke.uasset" 465
"../../../Resurrection/Content/StarterContent/Blueprints/Blueprint_Effect_Smoke.uasset" 466
"../../../Resurrection/Content/StarterContent/Audio/Fire_Sparks01_Cue.uasset" 467
"../../../Resurrection/Content/StarterContent/Textures/T_Spark_Core.uasset" 468
"../../../Resurrection/Content/StarterContent/Particles/Materials/M_Spark.uasset" 469
"../../../Resurrection/Content/StarterContent/Particles/P_Sparks.uasset" 470
"../../../Resurrection/Content/StarterContent/Blueprints/Blueprint_Effect_Sparks.uasset" 471
"../../../Resurrection/Content/StarterContent/Audio/Steam01_Cue.uasset" 472
"../../../Resurrection/Content/StarterContent/Particles/P_Steam_Lit.uasset" 473
"../../../Resurrection/Content/StarterContent/Blueprints/Blueprint_Effect_Steam.uasset" 474
"../../../Resurrection/Content/StarterContent/Textures/T_Lamp_M.uasset" 475
"../../../Resurrection/Content/StarterContent/Textures/T_Lamp_N.uasset" 476
"../../../Resurrection/Content/StarterContent/Props/Materials/M_Lamp.uasset" 477
"../../../Resurrection/Content/StarterContent/Props/SM_Lamp_Ceiling.uasset" 478
"../../../Resurrection/Content/StarterContent/Blueprints/Blueprint_CeilingLight.uasset" 479
"../../../Resurrection/Content/StarterContent/Props/SM_Lamp_Wall.uasset" 480
"../../../Resurrection/Content/StarterContent/Blueprints/Blueprint_WallSconce.uasset" 481
"../../../Engine/Content/Functions/Engine_MaterialFunctions03/Procedurals/ComputeFilterWidth.uasset" 482
"../../../Engine/Content/EngineMaterials/AntiAliasedTextMaterialTranslucent.uasset" 483
"../../../Resurrection/Content/StarterContent/Textures/T_Brick_Clay_Beveled_D.uasset" 484
"../../../Resurrection/Content/StarterContent/Textures/T_Brick_Clay_Beveled_M.uasset" 485
"../../../Resurrection/Content/StarterContent/Textures/T_Brick_Clay_Beveled_N.uasset" 486
"../../../Resurrection/Content/StarterContent/Materials/M_Brick_Clay_Beveled.uasset" 487
"../../../Resurrection/Content/StarterContent/Textures/T_Brick_Clay_New_D.uasset" 488
"../../../Resurrection/Content/StarterContent/Textures/T_Brick_Clay_New_M.uasset" 489
"../../../Resurrection/Content/StarterContent/Textures/T_Brick_Clay_New_N.uasset" 490
"../../../Resurrection/Content/StarterContent/Materials/M_Brick_Clay_New.uasset" 491
"../../../Resurrection/Content/StarterContent/Textures/T_Brick_Clay_Old_D.uasset" 492
"../../../Resurrection/Content/StarterContent/Textures/T_Brick_Clay_Old_N.uasset" 493
"../../../Resurrection/Content/StarterContent/Materials/M_Brick_Clay_Old.uasset" 494
"../../../Resurrection/Content/StarterContent/Textures/T_Brick_Cut_Stone_D.uasset" 495
"../../../Resurrection/Content/StarterContent/Textures/T_Brick_Cut_Stone_N.uasset" 496
"../../../Resurrection/Content/StarterContent/Materials/M_Brick_Cut_Stone.uasset" 497
"../../../Resurrection/Content/StarterContent/Textures/T_Brick_Hewn_Stone_D.uasset" 498
"../../../Resurrection/Content/StarterContent/Textures/T_Brick_Hewn_Stone_M.uasset" 499
"../../../Resurrection/Content/StarterContent/Textures/T_Brick_Hewn_Stone_N.uasset" 500
"../../../Resurrection/Content/StarterContent/Materials/M_Brick_Hewn_Stone.uasset" 501
"../../../Resurrection/Content/StarterContent/Textures/T_Ceramic_Tile_M.uasset" 502
"../../../Resurrection/Content/StarterContent/Textures/T_Ceramic_Tile_N.uasset" 503
"../../../Resurrection/Content/StarterContent/Textures/T_Rock_Marble_Polished_D.uasset" 504
"../../../Resurrection/Content/StarterContent/Materials/M_Ceramic_Tile_Checker.uasset" 505
"../../../Resurrection/Content/StarterContent/Textures/T_CobbleStone_Pebble_D.uasset" 506
"../../../Resurrection/Content/StarterContent/Textures/T_CobbleStone_Pebble_M.uasset" 507
"../../../Resurrection/Content/StarterContent/Textures/T_CobbleStone_Pebble_N.uasset" 508
"../../../Resurrection/Content/StarterContent/Materials/M_CobbleStone_Pebble.uasset" 509
"../../../Resurrection/Content/StarterContent/Textures/T_CobbleStone_Rough_D.uasset" 510
"../../../Resurrection/Content/StarterContent/Textures/T_CobbleStone_Rough_N.uasset" 511
"../../../Resurrection/Content/StarterContent/Textures/T_Gradinet_01.uasset" 512
"../../../Resurrection/Content/StarterContent/Textures/T_Rock_Smooth_Granite_D.uasset" 513
"../../../Resurrection/Content/StarterContent/Materials/M_CobbleStone_Rough.uasset" 514
"../../../Resurrection/Content/StarterContent/Textures/T_CobbleStone_Smooth_D.uasset" 515
"../../../Resurrection/Content/StarterContent/Textures/T_CobbleStone_Smooth_M.uasset" 516
"../../../Resurrection/Content/StarterContent/Textures/T_CobbleStone_Smooth_N.uasset" 517
"../../../Resurrection/Content/StarterContent/Materials/M_CobbleStone_Smooth.uasset" 518
"../../../Resurrection/Content/StarterContent/Textures/T_Metal_Rust_N.uasset" 519
"../../../Resurrection/Content/StarterContent/Materials/M_Concrete_Grime.uasset" 520
"../../../Resurrection/Content/StarterContent/Materials/M_Concrete_Panels.uasset" 521
"../../../Resurrection/Content/StarterContent/Textures/T_Concrete_Poured_D.uasset" 522
"../../../Resurrection/Content/StarterContent/Textures/T_Concrete_Poured_N.uasset" 523
"../../../Resurrection/Content/StarterContent/Materials/M_Concrete_Poured.uasset" 524
"../../../Resurrection/Content/StarterContent/Textures/T_Concrete_Tiles_D.uasset" 525
"../../../Resurrection/Content/StarterContent/Textures/T_Concrete_Tiles_M.uasset" 526
"../../../Resurrection/Content/StarterContent/Textures/T_Concrete_Tiles_N.uasset" 527
"../../../Resurrection/Content/StarterContent/Textures/T_Concrete_Tiles_Variation_M.uasset" 528
"../../../Resurrection/Content/StarterContent/Materials/M_Concrete_Tiles.uasset" 529
"../../../Resurrection/Content/StarterContent/Textures/T_Ground_Gravel_D.uasset" 530
"../../../Resurrection/Content/StarterContent/Textures/T_Ground_Gravel_N.uasset" 531
"../../../Resurrection/Content/StarterContent/Materials/M_Ground_Gravel.uasset" 532
"../../../Resurrection/Content/StarterContent/Textures/T_ground_Moss_D.uasset" 533
"../../../Resurrection/Content/StarterContent/Textures/T_Ground_Moss_N.uasset" 534
"../../../Resurrection/Content/StarterContent/Materials/M_Ground_Moss.uasset" 535
"../../../Resurrection/Content/StarterContent/Materials/M_Metal_Chrome.uasset" 536
"../../../Resurrection/Content/StarterContent/Textures/T_Metal_Gold_D.uasset" 537
"../../../Resurrection/Content/StarterContent/Materials/M_Metal_Gold.uasset" 538
"../../../Resurrection/Content/StarterContent/Textures/T_Metal_Rust_D.uasset" 539
"../../../Resurrection/Content/StarterContent/Materials/M_Metal_Rust.uasset" 540
"../../../Resurrection/Content/StarterContent/Textures/T_Metal_Steel_D.uasset" 541
"../../../Resurrection/Content/StarterContent/Textures/T_Metal_Steel_N.uasset" 542
"../../../Resurrection/Content/StarterContent/Materials/M_Metal_Steel.uasset" 543
"../../../Resurrection/Content/StarterContent/Textures/T_Rock_Basalt_N.uasset" 544
"../../../Resurrection/Content/StarterContent/Materials/M_Rock_Basalt.uasset" 545
"../../../Resurrection/Content/StarterContent/Materials/M_Rock_Marble_Polished.uasset" 546
"../../../Resurrection/Content/StarterContent/Textures/T_Rock_Sandstone_D.uasset" 547
"../../../Resurrection/Content/StarterContent/Textures/T_Rock_Sandstone_N.uasset" 548
"../../../Resurrection/Content/StarterContent/Materials/M_Rock_Sandstone.uasset" 549
"../../../Resurrection/Content/StarterContent/Textures/T_Rock_Slate_D.uasset" 550
"../../../Resurrection/Content/StarterContent/Textures/T_Rock_Slate_N.uasset" 551
"../../../Resurrection/Content/StarterContent/Materials/M_Rock_Slate.uasset" 552
"../../../Resurrection/Content/StarterContent/Textures/T_Checker_Noise_M.uasset" 553
"../../../Resurrection/Content/StarterContent/Textures/T_Single_Tile_N.uasset" 554
"../../../Resurrection/Content/StarterContent/Textures/T_Tech_Dot_M.uasset" 555
"../../../Resurrection/Content/StarterContent/Textures/T_Tech_Dot_N.uasset" 556
"../../../Resurrection/Content/StarterContent/Materials/M_Tech_Checker_Dot.uasset" 557
"../../../Resurrection/Content/StarterContent/Textures/T_Tech_Hex_Tile_M.uasset" 558
"../../../Resurrection/Content/StarterContent/Textures/T_Tech_Hex_Tile_N.uasset" 559
"../../../Resurrection/Content/StarterContent/Materials/M_Tech_Hex_Tile.uasset" 560
"../../../Resurrection/Content/StarterContent/Materials/M_Tech_Hex_Tile_Pulse.uasset" 561
"../../../Resurrection/Content/StarterContent/Textures/T_Tech_Panel_M.uasset" 562
"../../../Resurrection/Content/StarterContent/Textures/T_Tech_Panel_N.uasset" 563
"../../../Resurrection/Content/StarterContent/Materials/M_Tech_Panel.uasset" 564
"../../../Resurrection/Content/StarterContent/Materials/M_Water_Lake.uasset" 565
"../../../Resurrection/Content/StarterContent/Textures/T_Water_M.uasset" 566
"../../../Resurrection/Content/StarterContent/Materials/M_Water_Ocean.uasset" 567
"../../../Resurrection/Content/StarterContent/Textures/T_Wood_Floor_Walnut_D.uasset" 568
"../../../Resurrection/Content/StarterContent/Textures/T_Wood_Floor_Walnut_M.uasset" 569
"../../../Resurrection/Content/StarterContent/Textures/T_Wood_Floor_Walnut_N.uasset" 570
"../../../Resurrection/Content/StarterContent/Materials/M_Wood_Floor_Walnut_Polished.uasset" 571
"../../../Engine/Content/Functions/Engine_MaterialFunctions01/Opacity/AlphaOffset.uasset" 572
"../../../Resurrection/Content/StarterContent/Materials/M_Wood_Floor_Walnut_Worn.uasset" 573
"../../../Resurrection/Content/StarterContent/Materials/M_Wood_Oak.uasset" 574
"../../../Resurrection/Content/StarterContent/Textures/T_Wood_Pine_D.uasset" 575
"../../../Resurrection/Content/StarterContent/Textures/T_Wood_Pine_N.uasset" 576
"../../../Resurrection/Content/StarterContent/Materials/M_Wood_Pine.uasset" 577
"../../../Resurrection/Content/StarterContent/Materials/M_Wood_Walnut.uasset" 578
"../../../Resurrection/Content/StarterContent/Architecture/Wall_400x200.uasset" 579
"../../../Resurrection/Content/StarterContent/Architecture/Wall_Door_400x300.uasset" 580
"../../../Resurrection/Content/StarterContent/Architecture/Wall_Window_400x300.uasset" 581
"../../../Resurrection/Content/StarterContent/Audio/Collapse_Cue.uasset" 582
"../../../Resurrection/Content/StarterContent/Audio/Starter_Music_Cue.uasset" 583
"../../../Resurrection/Content/StarterContent/Textures/T_Dust_Particle_D.uasset" 584
"../../../Resurrection/Content/StarterContent/Particles/Materials/M_Dust_Particle.uasset" 585
"../../../Resurrection/Content/StarterContent/Particles/P_Ambient_Dust.uasset" 586
"../../../Resurrection/Content/StarterContent/Props/MaterialSphere.uasset" 587
"../../../Resurrection/Content/StarterContent/Textures/T_Frame_M.uasset" 588
"../../../Resurrection/Content/StarterContent/Textures/T_Frame_N.uasset" 589
"../../../Resurrection/Content/StarterContent/Props/Materials/M_Frame.uasset" 590
"../../../Resurrection/Content/StarterContent/Props/SM_CornerFrame.uasset" 591
"../../../Resurrection/Content/StarterContent/Props/SM_DoorFrame.uasset" 592
"../../../Resurrection/Content/StarterContent/Props/SM_GlassWindow.uasset" 593
"../../../Resurrection/Content/StarterContent/Props/SM_PillarFrame.uasset" 594
"../../../Resurrection/Content/StarterContent/Props/SM_PillarFrame300.uasset" 595
"../../../Resurrection/Content/StarterContent/Props/SM_WindowFrame.uasset" 596
"../../../Resurrection/Content/StarterContent/Shapes/Shape_Cube.uasset" 597
"../../../Resurrection/Content/StarterContent/Shapes/Shape_QuadPyramid.uasset" 598
"../../../Resurrection/Content/StarterContent/Shapes/Shape_Sphere.uasset" 599
"../../../Resurrection/Content/StarterContent/Maps/StarterMap.umap" 600
"../../../Resurrection/Content/Materials/Green_Glow_M.uasset" 601
"../../../Resurrection/Content/Blueprint/Health_pickup_BP.uasset" 602
"../../../Resurrection/Content/Materials/Wood_M2_Inst2.uasset" 603
"../../../Resurrection/Content/Meshes/Barrel/Crate_Crate_001.uasset" 604
"../../../Resurrection/Content/Blueprint/Purple_Cube_BP.uasset" 605
"../../../Resurrection/Content/Meshes/Traps/Ancher.uasset" 606
"../../../Resurrection/Content/Blueprint/Traps/Ancher_BP.uasset" 607
"../../../Resurrection/Content/Meshes/Traps/Spike_Ball.uasset" 608
"../../../Resurrection/Content/Blueprint/Traps/SpikeBall_BP.uasset" 609
"../../../Resurrection/Content/Meshes/Traps/Floor_trap_1_Blades2.uasset" 610
"../../../Resurrection/Content/Meshes/Traps/Floor_trap_1_Floor.uasset" 611
"../../../Resurrection/Content/Blueprint/Traps/Trap_1_BP.uasset" 612
"../../../Resurrection/Content/Meshes/Traps/Floor_trap_2_Spike_wheel1.uasset" 613
"../../../Resurrection/Content/Meshes/Traps/Floor_trap_2_spike_wheel2.uasset" 614
"../../../Resurrection/Content/Blueprint/Traps/Trap_2_2_BP.uasset" 615
"../../../Resurrection/Content/Blueprint/Damage_BP.uasset" 616
"../../../Resurrection/Content/Blueprint/Weiht_Plates_BP.uasset" 617
"../../../Resurrection/Content/ThirdPersonBP/Maps/ThirdPersonExampleMap_BuiltData.uasset" 618
"../../../Engine/Content/BasicShapes/BasicShapeMaterial.uasset" 619
"../../../Resurrection/Content/Geometry/Meshes/TemplateFloor.uasset" 620
"../../../Resurrection/Content/ThirdPerson/Meshes/Bump_StaticMesh.uasset" 621
"../../../Resurrection/Content/ThirdPerson/Meshes/LeftArm_StaticMesh.uasset" 622
"../../../Resurrection/Content/ThirdPerson/Meshes/Ramp_StaticMesh.uasset" 623
"../../../Resurrection/Content/ThirdPerson/Meshes/RightArm_StaticMesh.uasset" 624
"../../../Resurrection/Content/ThirdPersonBP/Maps/ThirdPersonExampleMap.umap" 625
"../../../Engine/Content/Maps/Entry.umap" 626
